<?xml version="1.0" encoding="UTF-8"?>
<!-- Generated by org.testng.reporters.JUnitReportReporter -->
<testsuite hostname="DESKTOP-SIRT25H" failures="0" tests="1" name="driverFactory.AppTest" time="124.104" errors="0" timestamp="2024-11-15T12:27:03 IST" skipped="0">
  <testcase classname="driverFactory.AppTest" name="kickStart" time="124.104">
    <system-out>
      <![CDATA[No of rows are::4
Stock-000003504     Stock-000003504
Supplier-00000007501         Supplier-00000007501
Customer-00000012926         Customer-00000012926]]>
    </system-out>
  </testcase> <!-- kickStart -->
  <system-out>
    <![CDATA[No of rows are::4
Stock-000003504     Stock-000003504
Supplier-00000007501         Supplier-00000007501
Customer-00000012926         Customer-00000012926]]>
  </system-out>
</testsuite> <!-- driverFactory.AppTest -->
